b
bbbbbbbbbbbbbbbbbbbbbbbbbbbbbbbbbbbbbbbbbbbbbbbbbbbbbbbbbbbbbbbbbbbbbbbbbbbbbbbbbbbbbbbbbbbbbbbbbbbb
Case #1: 99
xiyagfdtjsyarcwhyuqiczbghjwzcgpqyictkthcwhzsfdorqtmkijkvojoliphxrhwcslsoff
hrqykcqyszuojaijhwiqvmjhxiwtgglkrbihyjcfzcszgwpcktrhfdtcoytfxspsdooacfilwh
Case #2: Fegla Won
gkxixqmayysqurzunzeewktddwhchoanaxxxplzojsedlfzzfdddpwgsunxbdzqdypdo
puxjauyipxgoeqbezlh
Case #3: Fegla Won
lhhhffffkfffxakwwbgggvyyawkjbeeejykwwvvppkvsbbtpooobuzgtttbbb
lhfkfxakwbgvyawkjbejykwwvpkvsbtpobuzgttb
Case #4: 21
ullggggnnngqqqqeyvwiilyrrrnnnwwwbuuuidluuuuuuuvqqqqqcccgkaakkkkkgnqwwwthhhatcccyepwwwwvccurrrdo
uulggnnngqeyyvvvwilyrnnnnnwwbbuuuiidlluvqcccgkkaakggnnnqqwttthattttcyepwvccuuuurdo
Case #5: 39
dkjskksuowjjpdsuozhzzpvxrxtblbbhchtllzdfvrbhcqmummawublrycotfzwjizqdmrgsoatvcmjzakvulinmkdhs
dkjsksuowjjpdsuoozzhzpvxrxtblbbhchtlzdfvvrbhcqmumawublllrycotfzwjizqdmrgsoatvcmjzakvulinmkdhs
Case #6: 5
zdueclzmmgnmgssibfppquczuxffn
zzzzzduuuuuueeecccllzzmgnnnmgggggggsibbffffppquuuczzzuuuuuuxffffffn
Case #7: 42
zgwzympizyuqcxryugrcubvslvpjfhtgppfndxyfxsxbsoamwroqsjkfgbpmiiuyzclfzlmyejzyxzkutamnlxtsyiejs
zgwzympizyuqcxryugrcubvslvpjfhttgppfndxyfxsxbsoamwroqsjkfgbpmiiuyzclfzlmyejzyxzkutamnlxtsyiejs
Case #8: 1
saohpgbg
saohpgb
Case #9: Fegla Won
gasstyscmmeffggiivvofvlixwweeeyaooevvvxxkkkmmzlsbfobxsodzwlulllrrrw
gasstysccmeffgivofffvllixweyaoevxkmzllsbffobxsoodzwlluulrrrwww
Case #10: 19
feyfenokszzjhtkppqqufxkkkaainnnngkiimmuxcvcithogxyawkkjruzjqqgiagsnnfwbbztduxlpeezxbaazkjsekddwqmwze
feyfeenokszjhtkpquufxxkaingkimuxcvccithogxyaawkjruzjqgiaagsnnfwwbzttduxlpezxbaazkjsekkdwqqmwze
Case #11: 18
heiioolwfucckcliwqqfcsojuqbqsdprdyyzzziipvguqizcnmmnlfsoxizszcckrfbllbmvkbqsxidwllqlabqurrnncshbvt
heiolwfucckcliwqfcssojuqbqsdprdddyziipvguuqizcnnmnlffsoxiizszckrfbllbmvkbqsxiddwlqlabqurncshhbvt
Case #12: 16
zdgmwgzbivwpnmaxmstxmvnultvtbpqauworfnuniqexcf
zdgmwgzbivwpnmaxmstxmvnultvtbpqauworfnuniqzexcf
Case #13: Fegla Won
ptrpgtonyrgwawiyjjrxupssriqazrblcqfdewvbscnbmvboakofwowsq
lbrocpraqsvbfsaoyisppwxatdnqfbwrowjiqoeyctjskzgrbnrwvmguw
Case #14: Fegla Won
euibjomyftmmghvxfwmnkqfmfktgmozfuvnvedhejdrpkomrkbhwtmiywdfi
euibjomyftmghvxfwmnkqfmfktgmozfuvnvedhejdrpkomrkbhwtmiywdfi
Case #15: 1
onjpocsyzvrkgnetokmifbixvmacplifysuoummtkgestkmhwyqcbabbymdadojjobfdxupsevyyqjmafkqjosmmeqpkgyvvbayy
onjpocsyzvrkgnetokmifbixvmacplifysuoummtkgestkmhwyqcbabymdadojjobfdxupsevyyqjmafkqjosmmeqpkgyvvbayy
Case #16: 1
xxdwjnmmmtrfcttnzav
xxdwwjjnnmtrrffccccttnnnzavv
Case #17: 13
rtvxstnbglvjujlghnkyiwfloeinhyzaruxkqlnwyifutsccfmaplibbmlpvkqvdmvncd
rtvxstnbglvjujlghnkyiwfloeinhyzaruxkqlnwyifutsccfmaplibbmlpvkqvdmvnc
Case #18: Fegla Won
djuxbkzsrrhsgenthermmdifzyojkxrdjoakybcptmhbq
xjuxbkzsrrhsgenthermmdifzyojkxrdjoakybcptmhbq
Case #19: Fegla Won
kphnvqvewalcvrsfdvhkqjhhfesrebktlzcavuxbqaouvvvhoanmkxcvghhzyaeezlzmmdmjymkqmalhiz
kpphnvqvewaalcccvrsfdddvhkqjhfesrebkkkkttlzcavuxbqaouvhooanmkkkxccvghzyaezzlzzzmmmmddmjymkqmalhiz
Case #20: 25
qwxjypzdroavpdhbdvcuaplajjniiywyvvhvljaezaaodjrigueglqiwbxgjwdjra
qwxjypzdroavpdhbdvcuaplajjniiywyvvhvljlaezaaodjrigueglqiwbxgjwdjra
Case #21: Fegla Won
fgvatrwwjixfbzexcovrnwxvxnpqrkvdpbyrwsofcnndotbqkwkxu
fgvvaatttttrwjixxfbzzzzzexxccovrnwwwxvvvxnpqrrkkkvdppppbyrwwwssofcnnnddoootbqqkwkkxu
Case #22: 31
tthhhdttttdddddxxfrrrrrnuunnntfffqqspclllmmmbaaaadyxxzzyhhhusyyyttlggggggwhlttttmdii
thhddtddxfrrnuuntfqspccclmbbaadddyyxzyhuussyttttlggwwwhlttmdi
Case #23: 37
jjttttttttllllllllrrrrwwwwwwgkkkkkktttttllhbyevvvhhhmmmsiiiiiiiipppprrrrrrviiioooorrokktttttiibktt
jjjtllllrwwwwwwggggkkkktlllhbbyyyyyyyevvhmmsssiiiippprrvviioorrokkkkktttiibbkkkktttt
Case #24: 50
jmxsfzooiictlixbbojjjajjvxpppqqmjooxyyssshfppbmmqsswwauqqmmeppuypevnnnnvlfjvvtjjjvvvvnbeutggl
jmxsfzoiictlllixbbojajvvxpqqqmjoxysssshffpbmmmqswwauqmeepppuuuypevnvlffffjvtjjvnnbeeeutttggggll
Case #25: 30
oxjmohmimflxmtpizpvpg
hxjmohmimflxmtpizpvpg
Case #26: Fegla Won
kfnguplhocokkrwxstsnumttfssih
jtnyzjnnqcpgmbakyugshahbvmvqxcvgviexsukkybtm
Case #27: Fegla Won
spphdifeffqxxjmrofhjhxlawrhgugtnxludtahafzxeilxzrekycvbamiggqctp
qsiq
Case #28: Fegla Won
ffffuuuuuuuueerrrrrrrrrrrrrrrrrrrdddddddddddddddddddddddd
fffffuerrrrrrrrrrrrrrrrrrrrrrrrrrrrrrrrrrrrrrrrrrrrrrrrrrrrrrrrrrrrrdddddddddddddd
Case #29: 61
xqqqxxeeeuuuussstttttttttnnnnnqqeeeeeeeetttjjjjjuuuqqqjjoooocccccclffhhhhhhbbbrrrrr
xqxeeeeeuusssssssstttttttnnqqqeeeeeeetttttjuuuuqjjooooooooooocllllllllfffhhhbbbbbbrrr
Case #30: 46
qkqpc
qkqpc
Case #31: 0
rbaadffbzkmmuuppgrclmmlsqppyyllleeeettttllllqsstggxxmjzrrqarbboooddv
rrrbbadddffbbzkmmmuuppppgrclllmlsqppyllettttlllqsssttttgxxxmjzrrrqqqarbooddddddvvv
Case #32: 28
khhgtorwfijtxafyjcrwmssqzdkfsyixirfcfwwamelhdonbxrrvtdnotmmtdtlcdkmupqcnttouewxslbb
khgtorwfiijtxafyjccrwmmssssqqzdkfssyixxirffccffwaamelhdonbxrvtdnotmttdtlcccdkmupqcntouuewxslbb
Case #33: 17
ccccclvvvrrrrrrrrzzaaaaacwwwwiiiffffyykkgvvvvaaadggnnnnvkkqtryymmmmmaaauuuffffccccyyyyhhhhhbylaa
clvrzzaacwwiiiiifffffyyyyykgggvadgnvvkqttryyymaauffffcyhbyla
Case #34: 48
ksdfxibooialybgiqfretxcyuxgfmwfxgacnzlqnvrywshglmyphxrhrqnycckgcssgegfryspptn
ksdfxiibbooooiialybgiqfretxcyuxgfmwffxgacnzlqnvrywshhgglmyyyphxrrhrqqnyckggcsgegfryspptn
Case #35: 15
mllllllldddiyyyyyyyyyyyyyyyzzzddddtaauujjddqiirrhnnnhbbbb
mmmllllllllddddiiiiiiiiyyyyyyyzzzzzzdttaaujjddqiirrhhhnnnnnnnnnnnnnnnnhhhb
Case #36: 45
qthbrmcaklfelbysszwxvqtjglggixrrqauhowjyjrewsfqkemjceennqttarkrjmntalcawtgsnli
thbrmcaklfelbysszwxvqtjglggixrrqauhowjyjrewsfqkemjceennqttarkrjmntalcawtgsnli
Case #37: Fegla Won
iwwwcccppantatttssmeeyyihhhzhhhhhhttbbbmcckkssjzqtbiddyyqacccccccccfccpbbbbbeeeektqottttzxsiqq
iwcpanntatssmeyyyihzzhhtbbmcckssjjjzzzqqtbidyqacfffccpbbbektttqoooottttzxxsiq
Case #38: 41
yvvxgdjxuaaakzzwedprrlzyunvliacxeatzabclaxlajmynrnfiiyghuuvcffehcijxilymxyjiassxyiolllnxlvgffqk
yvvxgdjxuaaakzzwedprrlzyunvliacxeatzabclaxlajmynrnfiiyghuuvcffehcijxilymxyjiassxyiolllnxlvgffqk
Case #39: 6
miqxzpgneqcmcz
miqxzpgneqcmct
Case #40: Fegla Won
ppzdallldfyyyyyvrronnfffauuuuxxpggeppbbbbzzqqbzzqyyyohhhhhhabyyybhyyynnmmmmfnnniybbbxeddrbv
pzdaalddfyvronffauxpgepbzqbzqyyohabybhyynmfniybxedrbv
Case #41: 40
dawyxmmajazegegbatlxuhkfvpkfeubhuzhtltuwuvbcahfccqaxzkevzrafldoicvbnrxkntnrvwwxyoxxojcjjtlqgphorcsht
dawyxmmajazegegbatlxuhkfvpkfeubhuzhtltuwuvbcahfccqaxzkevzrafldoicvbnrxkntnrvwwxyoxxojcjjtlqgphorcsht
Case #42: 0
dimdmvdkvewpxwdlhaebbboffmiivbkkrcqzqtlmyxjdvyccttdpbgtchjktruovefxwfnssbqskvnnkahopkujjoduuaym
dimdmvdkkvewpxwdlhaebbofmiivbkrrcqzqttlmyxjdvyctdpbbgtchjktruuovefxwfnssbqskvnkahopkujoduaym
Case #43: 5
qoiepxjvdisryhhtggkxivhqoqxueiynsqdcxszggocoiupppvbofwwvkougudfjvvnysfzbvcpdyyyguppbvddditbdfpymk
qoiepxjvdisryhttgkxivhhqoqxxueiynsqdcxszggocoiupppppvboffwwvkougudfjvvnysffzbvcpdygupbvditbddfpymk
Case #44: 9
bwbnxzabch
bwbnxzabcf
Case #45: Fegla Won
lgftulkqnxojjlqvtvjrkdpsnthyuklfqqamdkcrjtcseunzpzt
ekurddqxndegveszqxsbqutwpjwgirkobggejydzbhfwnzxfwpgombndkljucvjdbrjlpmksvrqkqorp
Case #46: Fegla Won
geelllxiiiyyilewfsoodtthrrqqqxgiwwgbqojjkkwwqqwjneeky
geeelllllllxxxxxxiiiiiyilleeeeeewwwwwwwwwfsodttttttttttthrqqxggggggiiwwggbbbqqqojjkwqqqqqwjnneky
Case #47: 51
xxsuxxzdmtannminutomfiagvjlnqvgfsbzsyavntyyajjjmmlwgelsmtusqdfeta
xxssuuxxzdmtannnnnnnnminnuttomfiagvvjllnnqvvgffssbzsyavnntyajmlwgeeelsmmmtussqdfeeta
Case #48: 25
subizdvafepqrjmdpejkglcmiggihbozzxqj
suuuubbiiiiiizzzddvvaaaaafeeppqqqrrrrrjmmmmdpppejjjjjjkgllllllllllccccmmmmigggggggggggihbozzxqqjj
Case #49: 61
bjlibsnfwoxbkpemnwufcrfjeezpbooexambubgsqftcuyqjwmpaeujlkaladbqhaswbnxjfnobsk
bjlibsnfwoxbkpemnwufcrfjeezpbooexambubgsqftcuyuqjwmpaeujkaladbqhaswbnxjfnobsk
Case #50: Fegla Won
ssssssssggggdddducivvmzzaaadddiiimaannnnmmmyyyycchjjbccccqqqqttzuuullllnnnnnotttttsrrqu
ssggggddduciivvvmmzaaaddimmaaaannmyyyyychjjbbcccqqqtttzulnnottttssssrqu
Case #51: 26
qsnaegrsnpbrqrtygvwsffmshhpywnnywbppoppuxgmkkkyodqhwo
qsnaegrsnpbrqrtygvwsfmshpywnywbpooppuuxgmkyodqhwo
Case #52: 8
cwpwpwgozftfyjon
uiqeitqyvpwjbvlxnjmjpbkxwrvfgldctvgdqwbnoyw
Case #53: Fegla Won
cfrzlremqoajqapqxlzjzxyectlyqgyvlpuzgylwongennxumkvwkswqwpdviktdxkzwrxkpoxvsnupzfkxpfwhdl
cfrzlremqoajqapqxxlzzjzxyectttlyyqgyvlpuzgylwongenxumkkvwkswqwpddddviktdxkzwrxkpoxvsnuppzfkxpffwhdl
Case #54: 12
wwuollyyhhhccccccuuuylshaknhffkdcczpafntoyyybbmmmsqzzttttqqqgatcaaeuuuuhhh
wuuoolyyyhhhhccuyyyylsshaknhfkdczpaffntttooooyyybbbbbbbbmmmssqqqzttqqqqgggggggatcaeeuuuuuuuhh
Case #55: 37
yyngwkttvvvvhxxkwhhzvvyypqqqrrhhhdddllsiilddddwzxdcjerrppppaddixlhhhhhhhhqjccccpaaugj
yyngwktvhxkwhhzvvyypqrhhdlsildwzzzxdcjerpadixxllhhhhqjcpaugj
Case #56: 29
yhhiiieeepppjxxxaxokkkkkdhbbbbslwwwlllllliwzzzknneezeeeeeuuurrrrrrrrrfffffppprpaaaaaaaaaaaaaaaaa
yyhiiepppjxaaxoooooookkdhbbbbsllwwllliiiwzzkknnezzzzeeeuurrrfppppprrrpaa
Case #57: 48
pwjdqboifcndrjukpckieqsgekzewfjebujuvxcdcrivaefsgrakisrofqubvehzysvwqzburlprpxjvoliyeboltjoo
ywjdqboifcndrjukpckieqsgekzewfjebujuvxcdcrivaefsgrakisrofqubvehzysvwqzburlprpxjvoliyeboltjoo
Case #58: Fegla Won
xktfuaxjptplpatdfzxsdiusszvfmeumlmnpphaxrlcybnjnjnbgvkelseknvajjxizzimvrujjdjfzthbcssxsbpmkgvsp
eujtzszjxjplgsxivbbcfpdepshzzhsamfdjvsrzlsueyxcknjvjmjvasalkdppabinnrijnxlmvngftpumufxktmxbpstk
Case #59: Fegla Won
uspnsrelbuadozhwcfxsezsfbqoawhssbjhwaljdhjhxkqtpxtjcsdhvtwypfqjibqgbdbpgmbnjlffcdylfsoonimlz
uspnsrelbuadozhwlcfxsezsfbqoawhssbjhwaljdhjhxkqtpxtjcsdhvtwypfqjibqgbdpgmbnjlffcdylfsoonimlz
Case #60: Fegla Won
dzyriqevzelv
dzyriqevzelq
Case #61: Fegla Won
izfexxxxxfemmeccaoooooelzzypphnnwwhboqwwflllfqtgvxxxeccbbqhffssxxxjdwkbnsrmqqaaangqqqlllllbssbuuuu
iizfexxfemecaaaaoeelzzyyphhnwwhhbboqwflffqqqqqtggvvxeccbqhfsxjddwkbbbbnnssrmmqanggqqlllllbssbu
Case #62: 34
uuvssbbeshssaxhwodaaaivzmmqrljcqfusfzzzmctgexaalpaiiyz
uvvsssssbbeessshhhhsaxhhwooodaaaaivzzzzzmmqqqrrlllljcqqfffuuuusfffzmmmcttgggggggeexxaaaaaaalppaaiyyz
Case #63: 48
maaaabivzfizproccaagtdfgrtfhccnniimusssaaaccgggdeoadvvickzsozbiiffgqycxhekkppqhjsjpppppxnffxxta
mabbivzfizpprocccagtdfggrtfhcnimmmussaccgdeooaddvickzzsozbiiifggggqyyccxhekppqhjjjjssjpxnffxttta
Case #64: 29
pdddddddddddzzffzzyyuhhhggeeerrrrygnnnf
ppppppdddddzzffzzzzzzzyyyuuuuuuhhhgggggggggggggggggggggerrryyyyyyyyyyyggggnnnffff
Case #65: 60
fcjaelhsoxdwafknwhzmedyzsdjvdrlalvulzfsutpx
fcjaelhsoxdwafknwhzmeedyzsdjvdrllvulzfsutpx
Case #66: Fegla Won
anzxynagzvbkamtgrntneoppihykyyekbrrlaracycxbmynhefvzuzplkxkuvkaintvnkwpkapnmnbttioseqiqcchcwcmymcrkp
anzxynagzvbkamtgrntneopihykyyekbrlaracycxbmynhefvzuzplkxkuvkaintvnkwpkapnmnbttioseqiqchcwcmymcrkp
Case #67: 3
qevbeoxsuwvuzfshqsevtqyhblyjzbyqgvrmjq
qevbeoxsuwvuzfshqsevtqyhblyjzbyqgvrmj
Case #68: Fegla Won
yhzdejjskuhrjtsjtkrywvqndqoccjagjihnmqhznoqwjkhevyetvuizmydpidxrnegcxnbketindpuanywkvejhfoynuvghc
yhzdejskuhrjtsjtkrywvqndqoccjagjihnmqhznoqwjkhevyetvuizmydpidxrnegcxnbketindpuanywkvejhfoynuvghc
Case #69: 1
haotbddmjiroicvattjpdwdcpgnttnreuyekrrfqqwwtzggknoopkqitglrjpjrdeeeewiibuuolntbmpcubrlqbbbaxhnosdxki
haotbddmjiroicvatjpdwdcpgntnreuyekrfqwtzgknnopkqiitglrjpjrdeewibuolntbmpcubrlqbbaxhnosdxki
Case #70: 12
fikgfutvmyvyggznmlemoleluhyffnlqttdbaxwwlvrkdqzzqdfesriflqqdsxtdooz
ffiikgfffutvmyvvvygzzzznnmlleemoleluuhyyffnllqqqqtttdbaaxwwlllvrrkdqzqdfeesriflqdssssssxttddooozz
Case #71: 32
l
l
Case #72: 0
s
ss
Case #73: 1
dlkaozrdmpysyx
dlkaozrdmpysy
Case #74: Fegla Won
eeeeeeeeeeeeeeeeeeeeeeeeeeeeeeeeeeeeeeeeeeeeeeeeeeeeeeeeeeeeeeeeeeeeeeeeeeeeeeeeeeeeeeeeeeeeeeeeeeee
eeeeeeeeeeeeeeeeeeeeeeeeeeeeeeeeeeeeeeeeeeeeeeeeeeeeeeeeeeeeeeeeeeeeeeeeeeeeeeeeeeeeeeeeeeeeeeeeeeee
Case #75: 0
uddgoyppahhfbikdzelkbmdotrzsphzsddyktwbvfkdjjunmvuuzivlllgekyvtyozdmlykmwqxzbtmnppioxfzkrfobfkxfawko
uddgoypahhfbikdzelkbmdotrzsphzsddyktwbvfkdjunmvuzivllllgekyvtyozdmlykmwqxzzbtmnpioxfzkrfobfkxfawko
Case #76: 6
hhhhjjjjjjljjjwwwwwnmmmmmzzzzzzzzzzeeeevvvvvvvvvvzzyrrrrbbbbbbbbbbbbbllpppkktteeeezzzzzzzz
hhhjllllljjjjwnnnnnnmmzzzzzeeeevvvvzzyrrbbbllllllllllllllppkkkkktttteeeezzzzzzz
Case #77: 63
wwwwweaazzkrrzyyyyydddddccrrxxxxbbjjhhhzuuxxzgggjbkkccddddwwwpppwj
wwwwwwweazzzzzzkkkrzyyyyyyydddcccrrrrrrrrrxbbjjhhhhzzzzuuuuuuxxzggjjjbbbkkkccccccddwwpppwj
Case #78: 42
waaaaayqqmffffirrrrrrrrrrrrlwwwwwwkvmmmsss
wwwwwayyyyyyyqqqqqqqqqqqqqqqqqqqqqqqqmmmmmmfiiirrrrrrrrrrrrrrrrrrrrrrllwwwkkvvvvvvvvvvvvvmmssssss
Case #79: 69
yfnmxxiioncqnqlbzmyhlbffyepprwtpehdbgnjwalnpcaqbmpjzsoequthlsadwjgxsugqwrdmvdezrvkttnazfuvmhnnkjytgs
yfnmxxiioncqnqlbzmyhlbffyepprwtpehdbbgnjwalnpcaqbmpjzsoequthlsadwjgxsugqwrdmvdezrvktnazfuvmhnnkjytgs
Case #80: 2
mrfzorbuozfeskoymlhxmuwqhwchypakghjvamrplwvfikdwxmtljrbsqf
umrfzorbuozfeskoymlhxmuwqhwchypakghjvamrplwvfikdwxmtljrbsqf
Case #81: Fegla Won
cggujjjhhjuitcppwqqmqtvvvkzkggnwittttizzziicccccdkkkzuusloaetpvppffffhhhaesss
cguujhhhjjuiitcppppppwqqqqqmmqttvkkkkzkkkggggggnwiittiiiiizicccdkkzusssloaaaetpppvpfffhhhhhaaaeees
Case #82: 39
demgrnnhynzkyuwogvkeshfd
zemgrnnhynzkyuwogvkeshfd
Case #83: Fegla Won
zzzzzzzzuwnxuuuuuueepposgjjjsssssppdeeeeeeezzzztttttqyyeddddddddggemllllloflllpppg
zzuwnxuuepoosgjjspdeeztqqyedgemlofllpg
Case #84: 48
ppdpgjmcdwusqhetkdjpquihtqmkvttufldbqukrljrfjivbloraoe
qbkwultevakmtgprrbjmfqhpqutlkltrjiuepvujshdidofjddcoqp
Case #85: Fegla Won
mcanhuwzmduhvupwfngfqgxybqnngttsvtheqedchzkevzbdojkephfqxsfdnyxjugnkktmtuyysxbvlkhs
mcanhuwzmduhvupwfngfqgxybqnngttsvtheqedchzkevzbdojkephfqxsfdnyxjugnkktmtuyysxbvlkhsz
Case #86: Fegla Won
vszkkfscfzunfvsopxutwtoyrdgbjuagnbszgkbljwyprtfjqzcossmmyvphppncrfbzrflbdlswgxfzxhnraafavu
vszzkkkfsscffzunnfvvsopxutwtoyrdgbjuagnbszgkblljwyprtfjqzcossmmyvphppnccrfbzrflbdlswgxfzxhnraafavvu
Case #87: 9
bzcqqtthkrqzdophewfuoxgxyhbfvekyyijcybbwgoppwwnsmebschorgwoffdrkywuuyefdejjzzmxqkkmiyqkqsrejzdze
bzcqqtthkrqzdophewfuoxgxyyhbfvvekyyijcybwgopwnsmebschorgwofdrkywuyefdejzzmxqkmiiyqkqsrejzdze
Case #88: 10
likocbzuuotgmjtwizx
likocbzuuotgmjtwizx
Case #89: 0
wqippkhduiuplpjfehapztjphshnfmbbncwgwyakukxrovthcrdqeijlsjibnzviuclzbssur
rdnhbslsnbpdehtsupryfukwjqqajkvpzxucnrlgshewjfzpbiiihowbvhiukitclpcpjamzu
Case #90: Fegla Won
tceeeeeehhuuuuttwaaaaaaqqqqqqqqqqqbbbnnnnfiiiiigguuuuuuuaaaabbbbbbiieelllhhhllluuuuuwggggggaccc
tccceeeeehutwaaaqqbbnnffffiguuuuabbiieelhhhlluuuwwwwwgaac
Case #91: 52
dyayyvzgjmviaqqfibsssfqnggpsffxjfrrwfwwufupgccbtzltrcazduugvinkauhjzaiexxcmttusy
dyayvzgjmmvviaqqqfiiibsfqngpsfxjffrwwfwuffupgcbbtzltrrcazdugvinkauhjzaiexcmtusy
Case #92: 15
fwjysfpfxadtrnafzaabhvfxlwpqjuadwrvnisccaqsdsxctvcvafbdbkfnkeedrezupauthvgstxuowlsqohk
xadoszuwnphlffykvegwjdffadkfktesqodabrurauajwzshuvsbsccaltvxptfcsniqprwxqvdveacbathnfx
Case #93: Fegla Won
jgbcevtwoggqaadetrbmwhvubdvvepzzelkkmpppiilyptprryvmrzyngukhxfopguarfpgwwxqjxfcmyckkltjjjirfsbddzpui
jgbcevtwoggqadetrbmwhvubdvepzelkkmppiilyptpryvmrzyngukhxfopguarfpgwxqjxfcmyckltjjirfsbdzpui
Case #94: 9
bnsrsddibjehrrxbnbzzukvzumznnanpmfssbzluetxnaegrehffffgbrddcllrbaarrqrrexjffyubcqarrsfzjlhqs
bnsssrsdibjehrrxxbnbzukvzumzznanppmfsbzluuetxnaeggrehffgbrdclrbaarqreexjfyyubccqqarsfzjjlllhqs
Case #95: 20
tqqqqqqqqqqqqqqqqqqqqqqqqqqqqqqqqqqqqqqqqqqqqqqqqqqqqqqqqqqqqqqqqqqqqqqqqqqqqqqqqqqqqqqqqqqqqqqqqqqq
tttttttttttttttttttttttttttttttttttttttttttttttttttttttttttttttttttttttttttttttttttttttttttttttttttq
Case #96: 196
uhmxtjdljgcuvelgupercfvuwshxxfjsmvrifwvqdxkadyianmtptolphsmga
fipxeoxgtiufddqtxtwwhokynsxfwonewebcsaimiftnklijfefmssmikjnizcmxgpabrkpbpkobwwlbcspxmbfw
Case #97: Fegla Won
rfftssvxojezifydmqlwwldvenlylltkeiisvonnlkduqefyckkssviffffygkorkzmudddvoobjbqwnwwrdayddddip
rfttsvxojeezifyydmqlwldvenlyylttkeeeisvonnlkdduqefyckkksvifygkorkzzmudvobjbqwnwrdayddiip
Case #98: 22
uzbasdrhgabcdqkaskrbdrsjxvvsciqwktyeyplgrpivhsvzfoaiitthqrzsbrqls
uzbasdrhgabcdqkaskrbdrsjxvvsciqwktyeyplgrpivhsvzfoaiitthqrzsbrql
Case #99: Fegla Won
eezavlevcrngittziappfjvglsetzkyibejbcuhxzzkfhghrgygnhevuwaoxkohlttpvpwuovewemdwtbeiiiedheteqhmdcfszu
ezavlevcrngitziappfjjvglsetzkyibejbcuhxzzzkfhghrgygnhevuwaoxkohlttpvpwuovewemdwtbeiiiedheteqhmdcfszu
Case #100: 4
